[2026-03-22T22:05:24.554Z] ═══════════════════════════════════════════════════════════
[2026-03-22T22:05:24.555Z]   SPXer Config Optimizer — Autoresearch Loop
[2026-03-22T22:05:24.555Z] ═══════════════════════════════════════════════════════════
[2026-03-22T22:05:24.555Z] 
Establishing baseline...
[2026-03-22T22:05:25.323Z] Baseline win rate: 0.0%
[2026-03-22T22:05:25.324Z] 
────────────────────────────────────────────────────────────
[2026-03-22T22:05:25.324Z] Iteration 1/25
[2026-03-22T22:05:25.324Z] ────────────────────────────────────────────────────────────
[2026-03-22T22:05:25.325Z] Modifying: Iteration 1: parameter search
[2026-03-22T22:05:25.349Z] Committed: 94481593
[2026-03-22T22:05:25.350Z] Running backtest...
[2026-03-22T22:05:26.071Z] - DISCARD: No improvement (0.0%)
[2026-03-22T22:05:26.089Z] 
────────────────────────────────────────────────────────────
[2026-03-22T22:05:26.089Z] Iteration 2/25
[2026-03-22T22:05:26.089Z] ────────────────────────────────────────────────────────────
[2026-03-22T22:05:26.089Z] Modifying: Iteration 2: parameter search
[2026-03-22T22:05:26.108Z] Committed: 4ccc9d23
[2026-03-22T22:05:26.108Z] Running backtest...
[2026-03-22T22:05:26.858Z] - DISCARD: No improvement (0.0%)
[2026-03-22T22:05:26.871Z] 
────────────────────────────────────────────────────────────
[2026-03-22T22:05:26.871Z] Iteration 3/25
[2026-03-22T22:05:26.872Z] ────────────────────────────────────────────────────────────
[2026-03-22T22:05:26.873Z] Modifying: TP multiplier 5x→6x
[2026-03-22T22:05:26.903Z] Committed: 78bc7d2c
[2026-03-22T22:05:26.903Z] Running backtest...
[2026-03-22T22:05:27.687Z] - DISCARD: No improvement (0.0%)
[2026-03-22T22:05:27.703Z] 
────────────────────────────────────────────────────────────
[2026-03-22T22:05:27.703Z] Iteration 4/25
[2026-03-22T22:05:27.704Z] ────────────────────────────────────────────────────────────
[2026-03-22T22:05:27.704Z] Modifying: Iteration 4: parameter search
[2026-03-22T22:05:27.728Z] Committed: 44b15a88
[2026-03-22T22:05:27.729Z] Running backtest...
[2026-03-22T22:05:28.492Z] - DISCARD: No improvement (0.0%)
[2026-03-22T22:05:28.515Z] 
────────────────────────────────────────────────────────────
[2026-03-22T22:05:28.516Z] Iteration 5/25
[2026-03-22T22:05:28.516Z] ────────────────────────────────────────────────────────────
[2026-03-22T22:05:28.517Z] Modifying: Iteration 5: parameter search
[2026-03-22T22:05:28.541Z] Committed: 275f56b0
[2026-03-22T22:05:28.541Z] Running backtest...
[2026-03-22T22:05:29.315Z] - DISCARD: No improvement (0.0%)
[2026-03-22T22:05:29.331Z] 
────────────────────────────────────────────────────────────
[2026-03-22T22:05:29.332Z] Iteration 6/25
[2026-03-22T22:05:29.332Z] ────────────────────────────────────────────────────────────
[2026-03-22T22:05:29.332Z] Modifying: Iteration 6: parameter search
[2026-03-22T22:05:29.354Z] Committed: 6c39bb06
[2026-03-22T22:05:29.354Z] Running backtest...
[2026-03-22T22:05:30.139Z] - DISCARD: No improvement (0.0%)
[2026-03-22T22:05:30.156Z] 
────────────────────────────────────────────────────────────
[2026-03-22T22:05:30.156Z] Iteration 7/25
[2026-03-22T22:05:30.156Z] ────────────────────────────────────────────────────────────
[2026-03-22T22:05:30.157Z] Modifying: Iteration 7: parameter search
[2026-03-22T22:05:30.175Z] Committed: dac78b42
[2026-03-22T22:05:30.176Z] Running backtest...
[2026-03-22T22:05:30.951Z] - DISCARD: No improvement (0.0%)
[2026-03-22T22:05:30.972Z] 
────────────────────────────────────────────────────────────
[2026-03-22T22:05:30.972Z] Iteration 8/25
[2026-03-22T22:05:30.972Z] ────────────────────────────────────────────────────────────
[2026-03-22T22:05:30.973Z] Modifying: TP multiplier 5x→6x
[2026-03-22T22:05:31.002Z] Committed: cca96ac5
[2026-03-22T22:05:31.002Z] Running backtest...
[2026-03-22T22:05:31.754Z] - DISCARD: No improvement (0.0%)
[2026-03-22T22:05:31.767Z] 
────────────────────────────────────────────────────────────
[2026-03-22T22:05:31.767Z] Iteration 9/25
[2026-03-22T22:05:31.767Z] ────────────────────────────────────────────────────────────
[2026-03-22T22:05:31.767Z] Modifying: Iteration 9: parameter search
[2026-03-22T22:05:31.787Z] Committed: 237ac49a
[2026-03-22T22:05:31.787Z] Running backtest...
[2026-03-22T22:05:32.541Z] - DISCARD: No improvement (0.0%)
[2026-03-22T22:05:32.555Z] 
────────────────────────────────────────────────────────────
[2026-03-22T22:05:32.555Z] Iteration 10/25
[2026-03-22T22:05:32.555Z] ────────────────────────────────────────────────────────────
[2026-03-22T22:05:32.556Z] Modifying: Iteration 10: parameter search
[2026-03-22T22:05:32.577Z] Committed: cdf6594f
[2026-03-22T22:05:32.577Z] Running backtest...
[2026-03-22T22:05:33.357Z] - DISCARD: No improvement (0.0%)
[2026-03-22T22:05:33.369Z] 
────────────────────────────────────────────────────────────
[2026-03-22T22:05:33.369Z] Iteration 11/25
[2026-03-22T22:05:33.369Z] ────────────────────────────────────────────────────────────
[2026-03-22T22:05:33.369Z] Modifying: Iteration 11: parameter search
[2026-03-22T22:05:33.387Z] Committed: bbc136e1
[2026-03-22T22:05:33.388Z] Running backtest...
[2026-03-22T22:05:34.157Z] - DISCARD: No improvement (0.0%)
[2026-03-22T22:05:34.171Z] 
────────────────────────────────────────────────────────────
[2026-03-22T22:05:34.171Z] Iteration 12/25
[2026-03-22T22:05:34.171Z] ────────────────────────────────────────────────────────────
[2026-03-22T22:05:34.172Z] Modifying: Iteration 12: parameter search
[2026-03-22T22:05:34.191Z] Committed: 87437410
[2026-03-22T22:05:34.191Z] Running backtest...
[2026-03-22T22:05:35.007Z] - DISCARD: No improvement (0.0%)
[2026-03-22T22:05:35.021Z] 
────────────────────────────────────────────────────────────
[2026-03-22T22:05:35.021Z] Iteration 13/25
[2026-03-22T22:05:35.021Z] ────────────────────────────────────────────────────────────
[2026-03-22T22:05:35.021Z] Modifying: TP multiplier 5x→6x
[2026-03-22T22:05:35.043Z] Committed: 663e4f85
[2026-03-22T22:05:35.044Z] Running backtest...
[2026-03-22T22:05:35.785Z] - DISCARD: No improvement (0.0%)
[2026-03-22T22:05:35.800Z] 
────────────────────────────────────────────────────────────
[2026-03-22T22:05:35.800Z] Iteration 14/25
[2026-03-22T22:05:35.800Z] ────────────────────────────────────────────────────────────
[2026-03-22T22:05:35.800Z] Modifying: Iteration 14: parameter search
[2026-03-22T22:05:35.819Z] Committed: 60f0c466
[2026-03-22T22:05:35.819Z] Running backtest...
[2026-03-22T22:05:36.555Z] - DISCARD: No improvement (0.0%)
[2026-03-22T22:05:36.569Z] 
────────────────────────────────────────────────────────────
[2026-03-22T22:05:36.569Z] Iteration 15/25
[2026-03-22T22:05:36.569Z] ────────────────────────────────────────────────────────────
[2026-03-22T22:05:36.569Z] Modifying: Iteration 15: parameter search
[2026-03-22T22:05:36.589Z] Committed: 328d1036
[2026-03-22T22:05:36.589Z] Running backtest...
[2026-03-22T22:05:37.368Z] - DISCARD: No improvement (0.0%)
[2026-03-22T22:05:37.381Z] 
────────────────────────────────────────────────────────────
[2026-03-22T22:05:37.382Z] Iteration 16/25
[2026-03-22T22:05:37.382Z] ────────────────────────────────────────────────────────────
[2026-03-22T22:05:37.382Z] Modifying: Iteration 16: parameter search
[2026-03-22T22:05:37.403Z] Committed: 8441f9f9
[2026-03-22T22:05:37.403Z] Running backtest...
[2026-03-22T22:05:38.130Z] - DISCARD: No improvement (0.0%)
[2026-03-22T22:05:38.142Z] 
────────────────────────────────────────────────────────────
[2026-03-22T22:05:38.142Z] Iteration 17/25
[2026-03-22T22:05:38.143Z] ────────────────────────────────────────────────────────────
[2026-03-22T22:05:38.143Z] Modifying: Iteration 17: parameter search
[2026-03-22T22:05:38.162Z] Committed: 7bf535f7
[2026-03-22T22:05:38.162Z] Running backtest...
[2026-03-22T22:05:38.899Z] - DISCARD: No improvement (0.0%)
[2026-03-22T22:05:38.913Z] 
────────────────────────────────────────────────────────────
[2026-03-22T22:05:38.913Z] Iteration 18/25
[2026-03-22T22:05:38.913Z] ────────────────────────────────────────────────────────────
[2026-03-22T22:05:38.914Z] Modifying: TP multiplier 5x→6x
[2026-03-22T22:05:38.937Z] Committed: 59d50988
[2026-03-22T22:05:38.937Z] Running backtest...
[2026-03-22T22:05:39.708Z] - DISCARD: No improvement (0.0%)
[2026-03-22T22:05:39.724Z] 
────────────────────────────────────────────────────────────
[2026-03-22T22:05:39.724Z] Iteration 19/25
[2026-03-22T22:05:39.724Z] ────────────────────────────────────────────────────────────
[2026-03-22T22:05:39.724Z] Modifying: Iteration 19: parameter search
[2026-03-22T22:05:39.744Z] Committed: b8a3be5b
[2026-03-22T22:05:39.744Z] Running backtest...
[2026-03-22T22:05:40.509Z] - DISCARD: No improvement (0.0%)
[2026-03-22T22:05:40.524Z] 
────────────────────────────────────────────────────────────
[2026-03-22T22:05:40.524Z] Iteration 20/25
[2026-03-22T22:05:40.524Z] ────────────────────────────────────────────────────────────
[2026-03-22T22:05:40.524Z] Modifying: Iteration 20: parameter search
[2026-03-22T22:05:40.548Z] Committed: 47b0b94d
[2026-03-22T22:05:40.548Z] Running backtest...
[2026-03-22T22:05:41.306Z] - DISCARD: No improvement (0.0%)
[2026-03-22T22:05:41.322Z] 
────────────────────────────────────────────────────────────
[2026-03-22T22:05:41.322Z] Iteration 21/25
[2026-03-22T22:05:41.322Z] ────────────────────────────────────────────────────────────
[2026-03-22T22:05:41.322Z] Modifying: Iteration 21: parameter search
[2026-03-22T22:05:41.341Z] Committed: e9cec3f4
[2026-03-22T22:05:41.341Z] Running backtest...
[2026-03-22T22:05:42.091Z] - DISCARD: No improvement (0.0%)
[2026-03-22T22:05:42.107Z] 
────────────────────────────────────────────────────────────
[2026-03-22T22:05:42.108Z] Iteration 22/25
[2026-03-22T22:05:42.108Z] ────────────────────────────────────────────────────────────
[2026-03-22T22:05:42.108Z] Modifying: Iteration 22: parameter search
[2026-03-22T22:05:42.127Z] Committed: 15aadb05
[2026-03-22T22:05:42.127Z] Running backtest...
[2026-03-22T22:05:42.860Z] - DISCARD: No improvement (0.0%)
[2026-03-22T22:05:42.876Z] 
────────────────────────────────────────────────────────────
[2026-03-22T22:05:42.877Z] Iteration 23/25
[2026-03-22T22:05:42.877Z] ────────────────────────────────────────────────────────────
[2026-03-22T22:05:42.877Z] Modifying: TP multiplier 5x→6x
[2026-03-22T22:05:42.901Z] Committed: 5329b25e
[2026-03-22T22:05:42.901Z] Running backtest...
[2026-03-22T22:05:43.699Z] - DISCARD: No improvement (0.0%)
[2026-03-22T22:05:43.712Z] 
────────────────────────────────────────────────────────────
[2026-03-22T22:05:43.713Z] Iteration 24/25
[2026-03-22T22:05:43.713Z] ────────────────────────────────────────────────────────────
[2026-03-22T22:05:43.713Z] Modifying: Iteration 24: parameter search
[2026-03-22T22:05:43.736Z] Committed: e19b6974
[2026-03-22T22:05:43.736Z] Running backtest...
[2026-03-22T22:05:44.503Z] - DISCARD: No improvement (0.0%)
[2026-03-22T22:05:44.517Z] 
────────────────────────────────────────────────────────────
[2026-03-22T22:05:44.517Z] Iteration 25/25
[2026-03-22T22:05:44.518Z] ────────────────────────────────────────────────────────────
[2026-03-22T22:05:44.518Z] Modifying: Iteration 25: parameter search
[2026-03-22T22:05:44.538Z] Committed: 449e87d9
[2026-03-22T22:05:44.538Z] Running backtest...
[2026-03-22T22:05:45.290Z] - DISCARD: No improvement (0.0%)
[2026-03-22T22:05:45.304Z] 
════════════════════════════════════════════════════════════
[2026-03-22T22:05:45.305Z]   AUTORESEARCH COMPLETE
[2026-03-22T22:05:45.305Z]   Baseline: 0.0% → Best: 0.0%
[2026-03-22T22:05:45.305Z]   Improvement: 0.0%
[2026-03-22T22:05:45.305Z] ════════════════════════════════════════════════════════════
[2026-03-22T22:05:45.305Z] 
Results saved to: /home/ubuntu/SPXer/.autoresearch-results.tsv
[2026-03-22T22:05:45.305Z] Full log: /home/ubuntu/SPXer/.autoresearch.log
[2026-03-22T23:02:34.106Z] ═══════════════════════════════════════════════════════════
[2026-03-22T23:02:34.108Z]   SPXer Config Optimizer — Running 22-Day Backtest
[2026-03-22T23:02:34.108Z] ═══════════════════════════════════════════════════════════
[2026-03-22T23:02:34.108Z] 
Running 22-day backtest with aggressive preset...
[2026-03-22T23:02:34.108Z] Command: bash scripts/backtest/run-backtest.sh --config=aggressive --no-judge --parallel=3
[2026-03-22T23:36:29.784Z] 
Generating results summary...
[2026-03-22T23:36:30.936Z] 
════════════════════════════════════════════════════════════
[2026-03-22T23:36:30.936Z]   RESULTS SUMMARY
[2026-03-22T23:36:30.937Z] ════════════════════════════════════════════════════════════
[2026-03-22T23:36:30.937Z] [dotenv@17.3.1] injecting env (24) from .env -- tip: ⚙️  write to custom object with { processEnv: myObject }

  Saved Configurations (6):
  ──────────────────────────────────────────────────────────────────────
  aggressive           Aggressive Configuration  21    runs | WR 34.4%  | P&L $-44964
  default              Default Configuration     21    runs | WR 8.3%   | P&L $21776
  aggressive-withjudges-2 Aggressive + Judge Advisory (Run 2) 3     runs | WR 66.7%  | P&L $23887
  aggressive-withjudges Aggressive + Judge Advisory 2     runs | WR 50.0%  | P&L $13869
  aggressive-reversal  Aggressive + Scanner Reversal Exits 3     runs | WR 66.7%  | P&L $23887
  aggressive-takeprofit Aggressive + TakeProfit Exits 21    runs | WR 44.8%  | P&L $7580

[2026-03-22T23:36:30.938Z] 
Win Rate: 0.0%
[2026-03-22T23:36:30.938Z] 
Backtest complete. Check replay-logs/ for detailed results.
[2026-03-23T00:33:31.250Z] ═══════════════════════════════════════════════════════════
[2026-03-23T00:33:31.251Z]   SPXer Parameter Search — Autoresearch
[2026-03-23T00:33:31.251Z] ═══════════════════════════════════════════════════════════
[2026-03-23T00:33:31.252Z]   Variants: 29
[2026-03-23T00:33:31.252Z]   Dates: 1 (2026-03-19 → 2026-03-19)
[2026-03-23T00:33:31.252Z]   Total runs: 29
[2026-03-23T00:33:31.252Z] 
[2026-03-23T00:33:31.252Z] ────────────────────────────────────────────────────────────
[2026-03-23T00:33:31.253Z]   [1/29] Baseline (DEFAULT_CONFIG)
[2026-03-23T00:33:31.253Z] ────────────────────────────────────────────────────────────
[2026-03-23T00:33:31.260Z]     2026-03-19: ERROR — FOREIGN KEY constraint failed
[2026-03-23T00:33:31.260Z]   → 0 trades | 0.0% WR | $0 P&L | $0/day | Sharpe 0.00
[2026-03-23T00:33:31.260Z] 
[2026-03-23T00:33:31.260Z] ────────────────────────────────────────────────────────────
[2026-03-23T00:33:31.260Z]   [2/29] Strike range ±40
[2026-03-23T00:33:31.261Z] ────────────────────────────────────────────────────────────
[2026-03-23T00:33:31.261Z]     2026-03-19: ERROR — FOREIGN KEY constraint failed
[2026-03-23T00:33:31.261Z]   → 0 trades | 0.0% WR | $0 P&L | $0/day | Sharpe 0.00
[2026-03-23T00:33:31.262Z] 
[2026-03-23T00:33:31.262Z] ────────────────────────────────────────────────────────────
[2026-03-23T00:33:31.262Z]   [3/29] Strike range ±80
[2026-03-23T00:33:31.262Z] ────────────────────────────────────────────────────────────
[2026-03-23T00:33:31.262Z]     2026-03-19: ERROR — FOREIGN KEY constraint failed
[2026-03-23T00:33:31.263Z]   → 0 trades | 0.0% WR | $0 P&L | $0/day | Sharpe 0.00
[2026-03-23T00:33:31.263Z] 
[2026-03-23T00:33:31.263Z] ────────────────────────────────────────────────────────────
[2026-03-23T00:33:31.263Z]   [4/29] Strike range ±100
[2026-03-23T00:33:31.263Z] ────────────────────────────────────────────────────────────
[2026-03-23T00:33:31.264Z]     2026-03-19: ERROR — FOREIGN KEY constraint failed
[2026-03-23T00:33:31.264Z]   → 0 trades | 0.0% WR | $0 P&L | $0/day | Sharpe 0.00
[2026-03-23T00:33:31.264Z] 
[2026-03-23T00:33:31.264Z] ────────────────────────────────────────────────────────────
[2026-03-23T00:33:31.264Z]   [5/29] Strike range ±120
[2026-03-23T00:33:31.264Z] ────────────────────────────────────────────────────────────
[2026-03-23T00:33:31.265Z]     2026-03-19: ERROR — FOREIGN KEY constraint failed
[2026-03-23T00:33:31.270Z]   → 0 trades | 0.0% WR | $0 P&L | $0/day | Sharpe 0.00
[2026-03-23T00:33:31.270Z] 
[2026-03-23T00:33:31.270Z] ────────────────────────────────────────────────────────────
[2026-03-23T00:33:31.270Z]   [6/29] Strike range ±150
[2026-03-23T00:33:31.270Z] ────────────────────────────────────────────────────────────
[2026-03-23T00:33:31.271Z]     2026-03-19: ERROR — FOREIGN KEY constraint failed
[2026-03-23T00:33:31.271Z]   → 0 trades | 0.0% WR | $0 P&L | $0/day | Sharpe 0.00
[2026-03-23T00:33:31.271Z] 
[2026-03-23T00:33:31.271Z] ────────────────────────────────────────────────────────────
[2026-03-23T00:33:31.271Z]   [7/29] RSI 15/85
[2026-03-23T00:33:31.271Z] ────────────────────────────────────────────────────────────
[2026-03-23T00:33:31.272Z]     2026-03-19: ERROR — FOREIGN KEY constraint failed
[2026-03-23T00:33:31.272Z]   → 0 trades | 0.0% WR | $0 P&L | $0/day | Sharpe 0.00
[2026-03-23T00:33:31.272Z] 
[2026-03-23T00:33:31.272Z] ────────────────────────────────────────────────────────────
[2026-03-23T00:33:31.272Z]   [8/29] RSI 25/75
[2026-03-23T00:33:31.278Z] ────────────────────────────────────────────────────────────
[2026-03-23T00:33:31.279Z]     2026-03-19: ERROR — FOREIGN KEY constraint failed
[2026-03-23T00:33:31.279Z]   → 0 trades | 0.0% WR | $0 P&L | $0/day | Sharpe 0.00
[2026-03-23T00:33:31.280Z] 
[2026-03-23T00:33:31.280Z] ────────────────────────────────────────────────────────────
[2026-03-23T00:33:31.280Z]   [9/29] RSI 30/70
[2026-03-23T00:33:31.280Z] ────────────────────────────────────────────────────────────
[2026-03-23T00:33:31.282Z]     2026-03-19: ERROR — FOREIGN KEY constraint failed
[2026-03-23T00:33:31.282Z]   → 0 trades | 0.0% WR | $0 P&L | $0/day | Sharpe 0.00
[2026-03-23T00:33:31.282Z] 
[2026-03-23T00:33:31.283Z] ────────────────────────────────────────────────────────────
[2026-03-23T00:33:31.283Z]   [10/29] Option RSI 25/75
[2026-03-23T00:33:31.283Z] ────────────────────────────────────────────────────────────
[2026-03-23T00:33:31.284Z]     2026-03-19: ERROR — FOREIGN KEY constraint failed
[2026-03-23T00:33:31.284Z]   → 0 trades | 0.0% WR | $0 P&L | $0/day | Sharpe 0.00
[2026-03-23T00:33:31.284Z] 
[2026-03-23T00:33:31.285Z] ────────────────────────────────────────────────────────────
[2026-03-23T00:33:31.285Z]   [11/29] Option RSI 35/65
[2026-03-23T00:33:31.285Z] ────────────────────────────────────────────────────────────
[2026-03-23T00:33:31.286Z]     2026-03-19: ERROR — FOREIGN KEY constraint failed
[2026-03-23T00:33:31.286Z]   → 0 trades | 0.0% WR | $0 P&L | $0/day | Sharpe 0.00
[2026-03-23T00:33:31.286Z] 
[2026-03-23T00:33:31.286Z] ────────────────────────────────────────────────────────────
[2026-03-23T00:33:31.286Z]   [12/29] SL 40% / TP 3x
[2026-03-23T00:33:31.286Z] ────────────────────────────────────────────────────────────
[2026-03-23T00:33:31.287Z]     2026-03-19: ERROR — FOREIGN KEY constraint failed
[2026-03-23T00:33:31.287Z]   → 0 trades | 0.0% WR | $0 P&L | $0/day | Sharpe 0.00
[2026-03-23T00:33:31.287Z] 
[2026-03-23T00:33:31.288Z] ────────────────────────────────────────────────────────────
[2026-03-23T00:33:31.288Z]   [13/29] SL 60% / TP 5x
[2026-03-23T00:33:31.288Z] ────────────────────────────────────────────────────────────
[2026-03-23T00:33:31.289Z]     2026-03-19: ERROR — FOREIGN KEY constraint failed
[2026-03-23T00:33:31.289Z]   → 0 trades | 0.0% WR | $0 P&L | $0/day | Sharpe 0.00
[2026-03-23T00:33:31.289Z] 
[2026-03-23T00:33:31.289Z] ────────────────────────────────────────────────────────────
[2026-03-23T00:33:31.289Z]   [14/29] SL 70% / TP 5x
[2026-03-23T00:33:31.289Z] ────────────────────────────────────────────────────────────
[2026-03-23T00:33:31.290Z]     2026-03-19: ERROR — FOREIGN KEY constraint failed
[2026-03-23T00:33:31.290Z]   → 0 trades | 0.0% WR | $0 P&L | $0/day | Sharpe 0.00
[2026-03-23T00:33:31.290Z] 
[2026-03-23T00:33:31.290Z] ────────────────────────────────────────────────────────────
[2026-03-23T00:33:31.290Z]   [15/29] SL 70% / TP 8x
[2026-03-23T00:33:31.290Z] ────────────────────────────────────────────────────────────
[2026-03-23T00:33:31.291Z]     2026-03-19: ERROR — FOREIGN KEY constraint failed
[2026-03-23T00:33:31.291Z]   → 0 trades | 0.0% WR | $0 P&L | $0/day | Sharpe 0.00
[2026-03-23T00:33:31.292Z] 
[2026-03-23T00:33:31.292Z] ────────────────────────────────────────────────────────────
[2026-03-23T00:33:31.292Z]   [16/29] SL 80% / TP 8x
[2026-03-23T00:33:31.292Z] ────────────────────────────────────────────────────────────
[2026-03-23T00:33:31.293Z]     2026-03-19: ERROR — FOREIGN KEY constraint failed
[2026-03-23T00:33:31.293Z]   → 0 trades | 0.0% WR | $0 P&L | $0/day | Sharpe 0.00
[2026-03-23T00:33:31.293Z] 
[2026-03-23T00:33:31.293Z] ────────────────────────────────────────────────────────────
[2026-03-23T00:33:31.293Z]   [17/29] SL 80% / TP 10x
[2026-03-23T00:33:31.293Z] ────────────────────────────────────────────────────────────
[2026-03-23T00:33:31.294Z]     2026-03-19: ERROR — FOREIGN KEY constraint failed
[2026-03-23T00:33:31.294Z]   → 0 trades | 0.0% WR | $0 P&L | $0/day | Sharpe 0.00
[2026-03-23T00:33:31.294Z] 
[2026-03-23T00:33:31.294Z] ────────────────────────────────────────────────────────────
[2026-03-23T00:33:31.294Z]   [18/29] Time: morning (09:30-11:30)
[2026-03-23T00:33:31.294Z] ────────────────────────────────────────────────────────────
[2026-03-23T00:33:31.295Z]     2026-03-19: ERROR — FOREIGN KEY constraint failed
[2026-03-23T00:33:31.295Z]   → 0 trades | 0.0% WR | $0 P&L | $0/day | Sharpe 0.00
[2026-03-23T00:33:31.295Z] 
[2026-03-23T00:33:31.295Z] ────────────────────────────────────────────────────────────
[2026-03-23T00:33:31.295Z]   [19/29] Time: midday (11:00-14:00)
[2026-03-23T00:33:31.295Z] ────────────────────────────────────────────────────────────
[2026-03-23T00:33:31.296Z]     2026-03-19: ERROR — FOREIGN KEY constraint failed
[2026-03-23T00:33:31.296Z]   → 0 trades | 0.0% WR | $0 P&L | $0/day | Sharpe 0.00
[2026-03-23T00:33:31.296Z] 
[2026-03-23T00:33:31.296Z] ────────────────────────────────────────────────────────────
[2026-03-23T00:33:31.296Z]   [20/29] Time: afternoon (13:00-15:45)
[2026-03-23T00:33:31.296Z] ────────────────────────────────────────────────────────────
[2026-03-23T00:33:31.297Z]     2026-03-19: ERROR — FOREIGN KEY constraint failed
[2026-03-23T00:33:31.297Z]   → 0 trades | 0.0% WR | $0 P&L | $0/day | Sharpe 0.00
[2026-03-23T00:33:31.297Z] 
[2026-03-23T00:33:31.298Z] ────────────────────────────────────────────────────────────
[2026-03-23T00:33:31.298Z]   [21/29] Time: power-hour (14:00-15:45)
[2026-03-23T00:33:31.298Z] ────────────────────────────────────────────────────────────
[2026-03-23T00:33:31.299Z]     2026-03-19: ERROR — FOREIGN KEY constraint failed
[2026-03-23T00:33:31.299Z]   → 0 trades | 0.0% WR | $0 P&L | $0/day | Sharpe 0.00
[2026-03-23T00:33:31.299Z] 
[2026-03-23T00:33:31.299Z] ────────────────────────────────────────────────────────────
[2026-03-23T00:33:31.299Z]   [22/29] Max positions: 2
[2026-03-23T00:33:31.299Z] ────────────────────────────────────────────────────────────
[2026-03-23T00:33:31.300Z]     2026-03-19: ERROR — FOREIGN KEY constraint failed
[2026-03-23T00:33:31.300Z]   → 0 trades | 0.0% WR | $0 P&L | $0/day | Sharpe 0.00
[2026-03-23T00:33:31.300Z] 
[2026-03-23T00:33:31.300Z] ────────────────────────────────────────────────────────────
[2026-03-23T00:33:31.300Z]   [23/29] Max positions: 5
[2026-03-23T00:33:31.300Z] ────────────────────────────────────────────────────────────
[2026-03-23T00:33:31.301Z]     2026-03-19: ERROR — FOREIGN KEY constraint failed
[2026-03-23T00:33:31.301Z]   → 0 trades | 0.0% WR | $0 P&L | $0/day | Sharpe 0.00
[2026-03-23T00:33:31.301Z] 
[2026-03-23T00:33:31.301Z] ────────────────────────────────────────────────────────────
[2026-03-23T00:33:31.301Z]   [24/29] Wide strike(120) + RSI 15/85 + SL 70%/TP 8x
[2026-03-23T00:33:31.301Z] ────────────────────────────────────────────────────────────
[2026-03-23T00:33:31.302Z]     2026-03-19: ERROR — FOREIGN KEY constraint failed
[2026-03-23T00:33:31.302Z]   → 0 trades | 0.0% WR | $0 P&L | $0/day | Sharpe 0.00
[2026-03-23T00:33:31.302Z] 
[2026-03-23T00:33:31.303Z] ────────────────────────────────────────────────────────────
[2026-03-23T00:33:31.303Z]   [25/29] Morning only + Strike 60 + RSI 25/75
[2026-03-23T00:33:31.303Z] ────────────────────────────────────────────────────────────
[2026-03-23T00:33:31.303Z]     2026-03-19: ERROR — FOREIGN KEY constraint failed
[2026-03-23T00:33:31.303Z]   → 0 trades | 0.0% WR | $0 P&L | $0/day | Sharpe 0.00
[2026-03-23T00:33:31.304Z] 
[2026-03-23T00:33:31.304Z] ────────────────────────────────────────────────────────────
[2026-03-23T00:33:31.304Z]   [26/29] Afternoon + Strike 120 + RSI 20/80 + SL 80%/TP 10x
[2026-03-23T00:33:31.304Z] ────────────────────────────────────────────────────────────
[2026-03-23T00:33:31.305Z]     2026-03-19: ERROR — FOREIGN KEY constraint failed
[2026-03-23T00:33:31.305Z]   → 0 trades | 0.0% WR | $0 P&L | $0/day | Sharpe 0.00
[2026-03-23T00:33:31.305Z] 
[2026-03-23T00:33:31.305Z] ────────────────────────────────────────────────────────────
[2026-03-23T00:33:31.305Z]   [27/29] Power hour + Strike 150 + RSI 15/85 + SL 80%/TP 10x + 5 pos
[2026-03-23T00:33:31.305Z] ────────────────────────────────────────────────────────────
[2026-03-23T00:33:31.311Z]     2026-03-19: ERROR — FOREIGN KEY constraint failed
[2026-03-23T00:33:31.311Z]   → 0 trades | 0.0% WR | $0 P&L | $0/day | Sharpe 0.00
[2026-03-23T00:33:31.311Z] 
[2026-03-23T00:33:31.311Z] ────────────────────────────────────────────────────────────
[2026-03-23T00:33:31.311Z]   [28/29] Conservative: Strike 40 + RSI 30/70 + SL 40%/TP 3x + 2 pos
[2026-03-23T00:33:31.311Z] ────────────────────────────────────────────────────────────
[2026-03-23T00:33:31.312Z]     2026-03-19: ERROR — FOREIGN KEY constraint failed
[2026-03-23T00:33:31.312Z]   → 0 trades | 0.0% WR | $0 P&L | $0/day | Sharpe 0.00
[2026-03-23T00:33:31.312Z] 
[2026-03-23T00:33:31.312Z] ────────────────────────────────────────────────────────────
[2026-03-23T00:33:31.312Z]   [29/29] Strike 120 + OptionRSI 25/75 + SL 60%/TP 5x
[2026-03-23T00:33:31.312Z] ────────────────────────────────────────────────────────────
[2026-03-23T00:33:31.313Z]     2026-03-19: ERROR — FOREIGN KEY constraint failed
[2026-03-23T00:33:31.313Z]   → 0 trades | 0.0% WR | $0 P&L | $0/day | Sharpe 0.00
[2026-03-23T00:33:31.313Z] 
[2026-03-23T00:33:31.313Z] 
[2026-03-23T00:33:31.313Z] ════════════════════════════════════════════════════════════
[2026-03-23T00:33:31.313Z]   TOP CONFIGS BY SHARPE RATIO
[2026-03-23T00:33:31.313Z] ════════════════════════════════════════════════════════════
[2026-03-23T00:33:31.314Z] 
[2026-03-23T00:33:31.314Z] ════════════════════════════════════════════════════════════
[2026-03-23T00:33:31.314Z]   TOP CONFIGS BY WIN RATE (min 10 trades)
[2026-03-23T00:33:31.314Z] ════════════════════════════════════════════════════════════
[2026-03-23T00:33:31.314Z] 
[2026-03-23T00:33:31.314Z] ════════════════════════════════════════════════════════════
[2026-03-23T00:33:31.314Z]   TOP CONFIGS BY TOTAL P&L
[2026-03-23T00:33:31.314Z] ════════════════════════════════════════════════════════════
[2026-03-23T00:33:31.314Z] 
[2026-03-23T00:33:31.314Z] ════════════════════════════════════════════════════════════
[2026-03-23T00:33:31.314Z]   SEARCH COMPLETE — 29 variants tested
[2026-03-23T00:33:31.314Z]   Results: /home/ubuntu/SPXer/.autoresearch-results.tsv
[2026-03-23T00:33:31.314Z] ════════════════════════════════════════════════════════════
[2026-03-23T00:34:02.515Z] ═══════════════════════════════════════════════════════════
[2026-03-23T00:34:02.516Z]   SPXer Parameter Search — Autoresearch
[2026-03-23T00:34:02.516Z] ═══════════════════════════════════════════════════════════
[2026-03-23T00:34:02.516Z]   Variants: 29
[2026-03-23T00:34:02.516Z]   Dates: 1 (2026-03-19 → 2026-03-19)
[2026-03-23T00:34:02.516Z]   Total runs: 29
[2026-03-23T00:34:02.516Z] 
[2026-03-23T00:34:02.517Z] ────────────────────────────────────────────────────────────
[2026-03-23T00:34:02.517Z]   [1/29] Baseline (DEFAULT_CONFIG)
[2026-03-23T00:34:02.517Z] ────────────────────────────────────────────────────────────
[2026-03-23T00:42:07.723Z]     2026-03-19: 4 trades, 3 wins, $10246
[2026-03-23T00:42:07.723Z]   → 4 trades | 75.0% WR | $10246 P&L | $10246/day | Sharpe 0.00
[2026-03-23T00:42:07.724Z] 
[2026-03-23T00:42:07.724Z] ────────────────────────────────────────────────────────────
[2026-03-23T00:42:07.724Z]   [2/29] Strike range ±40
[2026-03-23T00:42:07.724Z] ────────────────────────────────────────────────────────────
[2026-03-23T00:49:38.520Z]     2026-03-19: 5 trades, 3 wins, $10332
[2026-03-23T00:49:38.520Z]   → 5 trades | 60.0% WR | $10332 P&L | $10332/day | Sharpe 0.00
[2026-03-23T00:49:38.521Z] 
[2026-03-23T00:49:38.521Z] ────────────────────────────────────────────────────────────
[2026-03-23T00:49:38.521Z]   [3/29] Strike range ±80
[2026-03-23T00:49:38.521Z] ────────────────────────────────────────────────────────────
[2026-03-23T00:58:09.987Z]     2026-03-19: 3 trades, 3 wins, $11523
[2026-03-23T00:58:09.988Z]   → 3 trades | 100.0% WR | $11523 P&L | $11523/day | Sharpe 0.00
[2026-03-23T00:58:09.988Z] 
[2026-03-23T00:58:09.988Z] ────────────────────────────────────────────────────────────
[2026-03-23T00:58:09.988Z]   [4/29] Strike range ±100
[2026-03-23T00:58:09.988Z] ────────────────────────────────────────────────────────────
[2026-03-23T01:07:15.839Z]     2026-03-19: 3 trades, 3 wins, $11523
[2026-03-23T01:07:15.840Z]   → 3 trades | 100.0% WR | $11523 P&L | $11523/day | Sharpe 0.00
[2026-03-23T01:07:15.840Z] 
[2026-03-23T01:07:15.841Z] ────────────────────────────────────────────────────────────
[2026-03-23T01:07:15.841Z]   [5/29] Strike range ±120
[2026-03-23T01:07:15.841Z] ────────────────────────────────────────────────────────────
[2026-03-23T01:17:08.631Z]     2026-03-19: 3 trades, 3 wins, $10018
[2026-03-23T01:17:08.632Z]   → 3 trades | 100.0% WR | $10018 P&L | $10018/day | Sharpe 0.00
[2026-03-23T01:17:08.632Z] 
[2026-03-23T01:17:08.633Z] ────────────────────────────────────────────────────────────
[2026-03-23T01:17:08.633Z]   [6/29] Strike range ±150
[2026-03-23T01:17:08.633Z] ────────────────────────────────────────────────────────────
[2026-03-23T01:27:54.488Z]     2026-03-19: 3 trades, 3 wins, $10018
[2026-03-23T01:27:54.489Z]   → 3 trades | 100.0% WR | $10018 P&L | $10018/day | Sharpe 0.00
[2026-03-23T01:27:54.489Z] 
[2026-03-23T01:27:54.490Z] ────────────────────────────────────────────────────────────
[2026-03-23T01:27:54.490Z]   [7/29] RSI 15/85
[2026-03-23T01:27:54.490Z] ────────────────────────────────────────────────────────────
[2026-03-23T01:36:00.410Z]     2026-03-19: 4 trades, 3 wins, $10246
[2026-03-23T01:36:00.411Z]   → 4 trades | 75.0% WR | $10246 P&L | $10246/day | Sharpe 0.00
[2026-03-23T01:36:00.412Z] 
[2026-03-23T01:36:00.418Z] ────────────────────────────────────────────────────────────
[2026-03-23T01:36:00.418Z]   [8/29] RSI 25/75
[2026-03-23T01:36:00.418Z] ────────────────────────────────────────────────────────────
[2026-03-23T01:43:56.672Z]     2026-03-19: 4 trades, 3 wins, $10246
[2026-03-23T01:43:56.673Z]   → 4 trades | 75.0% WR | $10246 P&L | $10246/day | Sharpe 0.00
[2026-03-23T01:43:56.673Z] 
[2026-03-23T01:43:56.673Z] ────────────────────────────────────────────────────────────
[2026-03-23T01:43:56.673Z]   [9/29] RSI 30/70
[2026-03-23T01:43:56.673Z] ────────────────────────────────────────────────────────────
[2026-03-23T01:51:52.469Z]     2026-03-19: 4 trades, 3 wins, $10246
[2026-03-23T01:51:52.471Z]   → 4 trades | 75.0% WR | $10246 P&L | $10246/day | Sharpe 0.00
[2026-03-23T01:51:52.471Z] 
[2026-03-23T01:51:52.471Z] ────────────────────────────────────────────────────────────
[2026-03-23T01:51:52.471Z]   [10/29] Option RSI 25/75
[2026-03-23T01:51:52.471Z] ────────────────────────────────────────────────────────────
[2026-03-23T01:59:34.792Z]     2026-03-19: 4 trades, 3 wins, $10246
[2026-03-23T01:59:34.792Z]   → 4 trades | 75.0% WR | $10246 P&L | $10246/day | Sharpe 0.00
[2026-03-23T01:59:34.793Z] 
[2026-03-23T01:59:34.793Z] ────────────────────────────────────────────────────────────
[2026-03-23T01:59:34.793Z]   [11/29] Option RSI 35/65
[2026-03-23T01:59:34.793Z] ────────────────────────────────────────────────────────────
[2026-03-23T02:07:36.638Z]     2026-03-19: 3 trades, 3 wins, $12957
[2026-03-23T02:07:36.639Z]   → 3 trades | 100.0% WR | $12957 P&L | $12957/day | Sharpe 0.00
[2026-03-23T02:07:36.639Z] 
[2026-03-23T02:07:36.640Z] ────────────────────────────────────────────────────────────
[2026-03-23T02:07:36.640Z]   [12/29] SL 40% / TP 3x
[2026-03-23T02:07:36.640Z] ────────────────────────────────────────────────────────────
[2026-03-23T02:14:40.864Z]     2026-03-19: 4 trades, 2 wins, $6762
[2026-03-23T02:14:40.865Z]   → 4 trades | 50.0% WR | $6762 P&L | $6762/day | Sharpe 0.00
[2026-03-23T02:14:40.865Z] 
[2026-03-23T02:14:40.865Z] ────────────────────────────────────────────────────────────
[2026-03-23T02:14:40.865Z]   [13/29] SL 60% / TP 5x
[2026-03-23T02:14:40.865Z] ────────────────────────────────────────────────────────────
[2026-03-23T02:22:33.182Z]     2026-03-19: 4 trades, 3 wins, $10246
[2026-03-23T02:22:33.182Z]   → 4 trades | 75.0% WR | $10246 P&L | $10246/day | Sharpe 0.00
[2026-03-23T02:22:33.182Z] 
[2026-03-23T02:22:33.183Z] ────────────────────────────────────────────────────────────
[2026-03-23T02:22:33.183Z]   [14/29] SL 70% / TP 5x
[2026-03-23T02:22:33.183Z] ────────────────────────────────────────────────────────────
[2026-03-23T02:30:20.071Z]     2026-03-19: 4 trades, 2 wins, $8580
[2026-03-23T02:30:20.072Z]   → 4 trades | 50.0% WR | $8580 P&L | $8580/day | Sharpe 0.00
[2026-03-23T02:30:20.072Z] 
[2026-03-23T02:30:20.073Z] ────────────────────────────────────────────────────────────
[2026-03-23T02:30:20.073Z]   [15/29] SL 70% / TP 8x
[2026-03-23T02:30:20.073Z] ────────────────────────────────────────────────────────────
[2026-03-23T02:38:08.942Z]     2026-03-19: 4 trades, 2 wins, $8580
[2026-03-23T02:38:08.944Z]   → 4 trades | 50.0% WR | $8580 P&L | $8580/day | Sharpe 0.00
[2026-03-23T02:38:08.945Z] 
[2026-03-23T02:38:08.945Z] ────────────────────────────────────────────────────────────
[2026-03-23T02:38:08.945Z]   [16/29] SL 80% / TP 8x
[2026-03-23T02:38:08.945Z] ────────────────────────────────────────────────────────────
[2026-03-23T02:45:44.966Z]     2026-03-19: 4 trades, 4 wins, $15315
[2026-03-23T02:45:44.967Z]   → 4 trades | 100.0% WR | $15315 P&L | $15315/day | Sharpe 0.00
[2026-03-23T02:45:44.967Z] 
[2026-03-23T02:45:44.968Z] ────────────────────────────────────────────────────────────
[2026-03-23T02:45:44.968Z]   [17/29] SL 80% / TP 10x
[2026-03-23T02:45:44.968Z] ────────────────────────────────────────────────────────────
[2026-03-23T02:53:23.690Z]     2026-03-19: 4 trades, 4 wins, $15315
[2026-03-23T02:53:23.690Z]   → 4 trades | 100.0% WR | $15315 P&L | $15315/day | Sharpe 0.00
[2026-03-23T02:53:23.691Z] 
[2026-03-23T02:53:23.691Z] ────────────────────────────────────────────────────────────
[2026-03-23T02:53:23.691Z]   [18/29] Time: morning (09:30-11:30)
[2026-03-23T02:53:23.691Z] ────────────────────────────────────────────────────────────
[2026-03-23T03:01:16.087Z]     2026-03-19: 4 trades, 3 wins, $10246
[2026-03-23T03:01:16.088Z]   → 4 trades | 75.0% WR | $10246 P&L | $10246/day | Sharpe 0.00
[2026-03-23T03:01:16.088Z] 
[2026-03-23T03:01:16.088Z] ────────────────────────────────────────────────────────────
[2026-03-23T03:01:16.088Z]   [19/29] Time: midday (11:00-14:00)
[2026-03-23T03:01:16.088Z] ────────────────────────────────────────────────────────────
[2026-03-23T03:09:08.038Z]     2026-03-19: 4 trades, 3 wins, $10246
[2026-03-23T03:09:08.039Z]   → 4 trades | 75.0% WR | $10246 P&L | $10246/day | Sharpe 0.00
[2026-03-23T03:09:08.039Z] 
[2026-03-23T03:09:08.039Z] ────────────────────────────────────────────────────────────
[2026-03-23T03:09:08.039Z]   [20/29] Time: afternoon (13:00-15:45)
[2026-03-23T03:09:08.039Z] ────────────────────────────────────────────────────────────
[2026-03-23T03:16:54.313Z]     2026-03-19: 4 trades, 3 wins, $10246
[2026-03-23T03:16:54.314Z]   → 4 trades | 75.0% WR | $10246 P&L | $10246/day | Sharpe 0.00
[2026-03-23T03:16:54.314Z] 
[2026-03-23T03:16:54.315Z] ────────────────────────────────────────────────────────────
[2026-03-23T03:16:54.315Z]   [21/29] Time: power-hour (14:00-15:45)
[2026-03-23T03:16:54.315Z] ────────────────────────────────────────────────────────────
[2026-03-23T03:24:48.505Z]     2026-03-19: 4 trades, 3 wins, $10246
[2026-03-23T03:24:48.506Z]   → 4 trades | 75.0% WR | $10246 P&L | $10246/day | Sharpe 0.00
[2026-03-23T03:24:48.506Z] 
[2026-03-23T03:24:48.506Z] ────────────────────────────────────────────────────────────
[2026-03-23T03:24:48.506Z]   [22/29] Max positions: 2
[2026-03-23T03:24:48.506Z] ────────────────────────────────────────────────────────────
[2026-03-23T03:31:09.561Z]     2026-03-19: 2 trades, 2 wins, $9200
[2026-03-23T03:31:09.562Z]   → 2 trades | 100.0% WR | $9200 P&L | $9200/day | Sharpe 0.00
[2026-03-23T03:31:09.562Z] 
[2026-03-23T03:31:09.563Z] ────────────────────────────────────────────────────────────
[2026-03-23T03:31:09.563Z]   [23/29] Max positions: 5
[2026-03-23T03:31:09.563Z] ────────────────────────────────────────────────────────────
[2026-03-23T03:40:22.615Z]     2026-03-19: 6 trades, 4 wins, $7635
[2026-03-23T03:40:22.616Z]   → 6 trades | 66.7% WR | $7635 P&L | $7635/day | Sharpe 0.00
[2026-03-23T03:40:22.616Z] 
[2026-03-23T03:40:22.616Z] ────────────────────────────────────────────────────────────
[2026-03-23T03:40:22.616Z]   [24/29] Wide strike(120) + RSI 15/85 + SL 70%/TP 8x
[2026-03-23T03:40:22.616Z] ────────────────────────────────────────────────────────────
[2026-03-23T03:50:12.513Z]     2026-03-19: 3 trades, 3 wins, $10018
[2026-03-23T03:50:12.514Z]   → 3 trades | 100.0% WR | $10018 P&L | $10018/day | Sharpe 0.00
[2026-03-23T03:50:12.514Z] 
[2026-03-23T03:50:12.514Z] ────────────────────────────────────────────────────────────
[2026-03-23T03:50:12.514Z]   [25/29] Morning only + Strike 60 + RSI 25/75
[2026-03-23T03:50:12.514Z] ────────────────────────────────────────────────────────────
[2026-03-23T03:58:00.267Z]     2026-03-19: 4 trades, 3 wins, $10246
[2026-03-23T03:58:00.268Z]   → 4 trades | 75.0% WR | $10246 P&L | $10246/day | Sharpe 0.00
[2026-03-23T03:58:00.268Z] 
[2026-03-23T03:58:00.269Z] ────────────────────────────────────────────────────────────
[2026-03-23T03:58:00.269Z]   [26/29] Afternoon + Strike 120 + RSI 20/80 + SL 80%/TP 10x
[2026-03-23T03:58:00.269Z] ────────────────────────────────────────────────────────────
[2026-03-23T04:07:52.123Z]     2026-03-19: 3 trades, 3 wins, $10018
[2026-03-23T04:07:52.124Z]   → 3 trades | 100.0% WR | $10018 P&L | $10018/day | Sharpe 0.00
[2026-03-23T04:07:52.124Z] 
[2026-03-23T04:07:52.124Z] ────────────────────────────────────────────────────────────
[2026-03-23T04:07:52.124Z]   [27/29] Power hour + Strike 150 + RSI 15/85 + SL 80%/TP 10x + 5 pos
[2026-03-23T04:07:52.124Z] ────────────────────────────────────────────────────────────
[2026-03-23T04:21:00.409Z]     2026-03-19: 5 trades, 5 wins, $17324
[2026-03-23T04:21:00.409Z]   → 5 trades | 100.0% WR | $17324 P&L | $17324/day | Sharpe 0.00
[2026-03-23T04:21:00.409Z] 
[2026-03-23T04:21:00.410Z] ────────────────────────────────────────────────────────────
[2026-03-23T04:21:00.410Z]   [28/29] Conservative: Strike 40 + RSI 30/70 + SL 40%/TP 3x + 2 pos
[2026-03-23T04:21:00.410Z] ────────────────────────────────────────────────────────────
[2026-03-23T04:25:30.398Z]     2026-03-19: 3 trades, 2 wins, $2884
[2026-03-23T04:25:30.399Z]   → 3 trades | 66.7% WR | $2884 P&L | $2884/day | Sharpe 0.00
[2026-03-23T04:25:30.399Z] 
[2026-03-23T04:25:30.399Z] ────────────────────────────────────────────────────────────
[2026-03-23T04:25:30.399Z]   [29/29] Strike 120 + OptionRSI 25/75 + SL 60%/TP 5x
[2026-03-23T04:25:30.399Z] ────────────────────────────────────────────────────────────
[2026-03-23T04:35:31.168Z]     2026-03-19: 3 trades, 3 wins, $10018
[2026-03-23T04:35:31.168Z]   → 3 trades | 100.0% WR | $10018 P&L | $10018/day | Sharpe 0.00
[2026-03-23T04:35:31.168Z] 
[2026-03-23T04:35:31.169Z] 
[2026-03-23T04:35:31.169Z] ════════════════════════════════════════════════════════════
[2026-03-23T04:35:31.169Z]   TOP CONFIGS BY SHARPE RATIO
[2026-03-23T04:35:31.169Z] ════════════════════════════════════════════════════════════
[2026-03-23T04:35:31.169Z]   #1: Strike range ±40
[2026-03-23T04:35:31.169Z]       Sharpe=0.000 | WR=60.0% | P&L=$10332 | 5 trades
[2026-03-23T04:35:31.169Z]       Strike=±40 RSI=20/80 SL=50% TP=5x Time=09:30-15:45 MaxPos=3
[2026-03-23T04:35:31.169Z]   #2: Max positions: 5
[2026-03-23T04:35:31.169Z]       Sharpe=0.000 | WR=66.7% | P&L=$7635 | 6 trades
[2026-03-23T04:35:31.169Z]       Strike=±60 RSI=20/80 SL=50% TP=5x Time=09:30-15:45 MaxPos=5
[2026-03-23T04:35:31.169Z]   #3: Power hour + Strike 150 + RSI 15/85 + SL 80%/TP 10x + 5 pos
[2026-03-23T04:35:31.169Z]       Sharpe=0.000 | WR=100.0% | P&L=$17324 | 5 trades
[2026-03-23T04:35:31.169Z]       Strike=±150 RSI=15/85 SL=80% TP=10x Time=14:00-15:45 MaxPos=5
[2026-03-23T04:35:31.169Z] 
[2026-03-23T04:35:31.169Z] ════════════════════════════════════════════════════════════
[2026-03-23T04:35:31.169Z]   TOP CONFIGS BY WIN RATE (min 10 trades)
[2026-03-23T04:35:31.169Z] ════════════════════════════════════════════════════════════
[2026-03-23T04:35:31.169Z] 
[2026-03-23T04:35:31.170Z] ════════════════════════════════════════════════════════════
[2026-03-23T04:35:31.170Z]   TOP CONFIGS BY TOTAL P&L
[2026-03-23T04:35:31.170Z] ════════════════════════════════════════════════════════════
[2026-03-23T04:35:31.170Z]   #1: Power hour + Strike 150 + RSI 15/85 + SL 80%/TP 10x + 5 pos
[2026-03-23T04:35:31.170Z]       P&L=$17324 | WR=100.0% | Sharpe=0.000 | 5 trades | $17324/day
[2026-03-23T04:35:31.170Z]   #2: Strike range ±40
[2026-03-23T04:35:31.170Z]       P&L=$10332 | WR=60.0% | Sharpe=0.000 | 5 trades | $10332/day
[2026-03-23T04:35:31.170Z]   #3: Max positions: 5
[2026-03-23T04:35:31.170Z]       P&L=$7635 | WR=66.7% | Sharpe=0.000 | 6 trades | $7635/day
[2026-03-23T04:35:31.170Z] 
[2026-03-23T04:35:31.170Z] ════════════════════════════════════════════════════════════
[2026-03-23T04:35:31.170Z]   SEARCH COMPLETE — 29 variants tested
[2026-03-23T04:35:31.170Z]   Results: /home/ubuntu/SPXer/.autoresearch-results.tsv
[2026-03-23T04:35:31.170Z] ════════════════════════════════════════════════════════════
